<?xml version="1.0" encoding="UTF-8"?>
<!-- Generated by org.testng.reporters.JUnitReportReporter -->
<testsuite hostname="DESKTOP-O98A56K" failures="0" tests="1" name="NaukariUN_Test.Naukari_TestPage" time="56.029" errors="0" timestamp="2023-05-06T16:19:14 IST" skipped="0">
  <testcase classname="NaukariUN_Test.Naukari_TestPage" name="naukariUNVerification" time="56.029"/>
  <system-out/>
</testsuite> <!-- NaukariUN_Test.Naukari_TestPage -->
