<?xml version="1.0" encoding="UTF-8"?>
<!-- Generated by org.testng.reporters.JUnitReportReporter -->
<testsuite hostname="DESKTOP-O98A56K" failures="0" tests="1" name="Login_Noukari.LoginPage1_Naukari2" time="48.359" errors="0" timestamp="2023-05-06T15:38:40 IST" skipped="0">
  <testcase classname="Login_Noukari.LoginPage1_Naukari2" name="naukariUNVerification" time="48.359"/>
  <system-out/>
</testsuite> <!-- Login_Noukari.LoginPage1_Naukari2 -->
